CRITICAL - 2022-02-28 03:49:00 --> Call to undefined method CodeIgniter\View\View::extends()
#0 C:\laragon\www\AdminLTE3\system\View\View.php(210): include()
#1 C:\laragon\www\AdminLTE3\system\View\View.php(213): CodeIgniter\View\View->CodeIgniter\View\{closure}()
#2 C:\laragon\www\AdminLTE3\system\Common.php(1089): CodeIgniter\View\View->render('dashboard/index', Array, true)
#3 C:\laragon\www\AdminLTE3\app\Controllers\Dashboard.php(9): view('dashboard/index')
#4 C:\laragon\www\AdminLTE3\system\CodeIgniter.php(825): App\Controllers\Dashboard->index()
#5 C:\laragon\www\AdminLTE3\system\CodeIgniter.php(412): CodeIgniter\CodeIgniter->runController(Object(App\Controllers\Dashboard))
#6 C:\laragon\www\AdminLTE3\system\CodeIgniter.php(320): CodeIgniter\CodeIgniter->handleRequest(NULL, Object(Config\Cache), false)
#7 C:\laragon\www\AdminLTE3\public\index.php(37): CodeIgniter\CodeIgniter->run()
#8 {main}
CRITICAL - 2022-02-28 03:53:50 --> Call to undefined method CodeIgniter\View\View::extends()
#0 C:\laragon\www\AdminLTE3\system\View\View.php(210): include()
#1 C:\laragon\www\AdminLTE3\system\View\View.php(213): CodeIgniter\View\View->CodeIgniter\View\{closure}()
#2 C:\laragon\www\AdminLTE3\system\Common.php(1089): CodeIgniter\View\View->render('dashboard/index', Array, true)
#3 C:\laragon\www\AdminLTE3\app\Controllers\Dashboard.php(9): view('dashboard/index')
#4 C:\laragon\www\AdminLTE3\system\CodeIgniter.php(825): App\Controllers\Dashboard->index()
#5 C:\laragon\www\AdminLTE3\system\CodeIgniter.php(412): CodeIgniter\CodeIgniter->runController(Object(App\Controllers\Dashboard))
#6 C:\laragon\www\AdminLTE3\system\CodeIgniter.php(320): CodeIgniter\CodeIgniter->handleRequest(NULL, Object(Config\Cache), false)
#7 C:\laragon\www\AdminLTE3\public\index.php(37): CodeIgniter\CodeIgniter->run()
#8 {main}
CRITICAL - 2022-02-28 03:54:34 --> Call to undefined method CodeIgniter\View\View::extends()
#0 C:\laragon\www\AdminLTE3\system\View\View.php(210): include()
#1 C:\laragon\www\AdminLTE3\system\View\View.php(213): CodeIgniter\View\View->CodeIgniter\View\{closure}()
#2 C:\laragon\www\AdminLTE3\system\Common.php(1089): CodeIgniter\View\View->render('dashboard/index', Array, true)
#3 C:\laragon\www\AdminLTE3\app\Controllers\Dashboard.php(9): view('dashboard/index')
#4 C:\laragon\www\AdminLTE3\system\CodeIgniter.php(825): App\Controllers\Dashboard->index()
#5 C:\laragon\www\AdminLTE3\system\CodeIgniter.php(412): CodeIgniter\CodeIgniter->runController(Object(App\Controllers\Dashboard))
#6 C:\laragon\www\AdminLTE3\system\CodeIgniter.php(320): CodeIgniter\CodeIgniter->handleRequest(NULL, Object(Config\Cache), false)
#7 C:\laragon\www\AdminLTE3\public\index.php(37): CodeIgniter\CodeIgniter->run()
#8 {main}
CRITICAL - 2022-02-28 03:54:48 --> Call to undefined method CodeIgniter\View\View::extends()
#0 C:\laragon\www\AdminLTE3\system\View\View.php(210): include()
#1 C:\laragon\www\AdminLTE3\system\View\View.php(213): CodeIgniter\View\View->CodeIgniter\View\{closure}()
#2 C:\laragon\www\AdminLTE3\system\Common.php(1089): CodeIgniter\View\View->render('dashboard/index', Array, true)
#3 C:\laragon\www\AdminLTE3\app\Controllers\Dashboard.php(9): view('dashboard/index')
#4 C:\laragon\www\AdminLTE3\system\CodeIgniter.php(825): App\Controllers\Dashboard->index()
#5 C:\laragon\www\AdminLTE3\system\CodeIgniter.php(412): CodeIgniter\CodeIgniter->runController(Object(App\Controllers\Dashboard))
#6 C:\laragon\www\AdminLTE3\system\CodeIgniter.php(320): CodeIgniter\CodeIgniter->handleRequest(NULL, Object(Config\Cache), false)
#7 C:\laragon\www\AdminLTE3\public\index.php(37): CodeIgniter\CodeIgniter->run()
#8 {main}
CRITICAL - 2022-02-28 03:54:52 --> Call to undefined method CodeIgniter\View\View::extends()
#0 C:\laragon\www\AdminLTE3\system\View\View.php(210): include()
#1 C:\laragon\www\AdminLTE3\system\View\View.php(213): CodeIgniter\View\View->CodeIgniter\View\{closure}()
#2 C:\laragon\www\AdminLTE3\system\Common.php(1089): CodeIgniter\View\View->render('dashboard/index', Array, true)
#3 C:\laragon\www\AdminLTE3\app\Controllers\Dashboard.php(9): view('dashboard/index')
#4 C:\laragon\www\AdminLTE3\system\CodeIgniter.php(825): App\Controllers\Dashboard->index()
#5 C:\laragon\www\AdminLTE3\system\CodeIgniter.php(412): CodeIgniter\CodeIgniter->runController(Object(App\Controllers\Dashboard))
#6 C:\laragon\www\AdminLTE3\system\CodeIgniter.php(320): CodeIgniter\CodeIgniter->handleRequest(NULL, Object(Config\Cache), false)
#7 C:\laragon\www\AdminLTE3\public\index.php(37): CodeIgniter\CodeIgniter->run()
#8 {main}
CRITICAL - 2022-02-28 03:55:25 --> Call to undefined method CodeIgniter\View\View::extends()
#0 C:\laragon\www\AdminLTE3\system\View\View.php(210): include()
#1 C:\laragon\www\AdminLTE3\system\View\View.php(213): CodeIgniter\View\View->CodeIgniter\View\{closure}()
#2 C:\laragon\www\AdminLTE3\system\Common.php(1089): CodeIgniter\View\View->render('dashboard/index', Array, true)
#3 C:\laragon\www\AdminLTE3\app\Controllers\Dashboard.php(9): view('dashboard/index')
#4 C:\laragon\www\AdminLTE3\system\CodeIgniter.php(825): App\Controllers\Dashboard->index()
#5 C:\laragon\www\AdminLTE3\system\CodeIgniter.php(412): CodeIgniter\CodeIgniter->runController(Object(App\Controllers\Dashboard))
#6 C:\laragon\www\AdminLTE3\system\CodeIgniter.php(320): CodeIgniter\CodeIgniter->handleRequest(NULL, Object(Config\Cache), false)
#7 C:\laragon\www\AdminLTE3\public\index.php(37): CodeIgniter\CodeIgniter->run()
#8 {main}
CRITICAL - 2022-02-28 04:00:35 --> Call to undefined method CodeIgniter\View\View::extends()
#0 C:\laragon\www\AdminLTE3\system\View\View.php(210): include()
#1 C:\laragon\www\AdminLTE3\system\View\View.php(213): CodeIgniter\View\View->CodeIgniter\View\{closure}()
#2 C:\laragon\www\AdminLTE3\system\Common.php(1089): CodeIgniter\View\View->render('dashboard/index', Array, true)
#3 C:\laragon\www\AdminLTE3\app\Controllers\Dashboard.php(9): view('dashboard/index')
#4 C:\laragon\www\AdminLTE3\system\CodeIgniter.php(825): App\Controllers\Dashboard->index()
#5 C:\laragon\www\AdminLTE3\system\CodeIgniter.php(412): CodeIgniter\CodeIgniter->runController(Object(App\Controllers\Dashboard))
#6 C:\laragon\www\AdminLTE3\system\CodeIgniter.php(320): CodeIgniter\CodeIgniter->handleRequest(NULL, Object(Config\Cache), false)
#7 C:\laragon\www\AdminLTE3\public\index.php(37): CodeIgniter\CodeIgniter->run()
#8 {main}
CRITICAL - 2022-02-28 04:00:37 --> Call to undefined method CodeIgniter\View\View::extends()
#0 C:\laragon\www\AdminLTE3\system\View\View.php(210): include()
#1 C:\laragon\www\AdminLTE3\system\View\View.php(213): CodeIgniter\View\View->CodeIgniter\View\{closure}()
#2 C:\laragon\www\AdminLTE3\system\Common.php(1089): CodeIgniter\View\View->render('dashboard/index', Array, true)
#3 C:\laragon\www\AdminLTE3\app\Controllers\Dashboard.php(9): view('dashboard/index')
#4 C:\laragon\www\AdminLTE3\system\CodeIgniter.php(825): App\Controllers\Dashboard->index()
#5 C:\laragon\www\AdminLTE3\system\CodeIgniter.php(412): CodeIgniter\CodeIgniter->runController(Object(App\Controllers\Dashboard))
#6 C:\laragon\www\AdminLTE3\system\CodeIgniter.php(320): CodeIgniter\CodeIgniter->handleRequest(NULL, Object(Config\Cache), false)
#7 C:\laragon\www\AdminLTE3\public\index.php(37): CodeIgniter\CodeIgniter->run()
#8 {main}
CRITICAL - 2022-02-28 04:16:11 --> Namespace declaration statement has to be the very first statement or after any declare call in the script
#0 [internal function]: CodeIgniter\Debug\Exceptions->shutdownHandler()
#1 {main}
CRITICAL - 2022-02-28 04:22:56 --> Namespace declaration statement has to be the very first statement or after any declare call in the script
#0 [internal function]: CodeIgniter\Debug\Exceptions->shutdownHandler()
#1 {main}
CRITICAL - 2022-02-28 04:22:58 --> Namespace declaration statement has to be the very first statement or after any declare call in the script
#0 [internal function]: CodeIgniter\Debug\Exceptions->shutdownHandler()
#1 {main}
CRITICAL - 2022-02-28 04:22:59 --> Namespace declaration statement has to be the very first statement or after any declare call in the script
#0 [internal function]: CodeIgniter\Debug\Exceptions->shutdownHandler()
#1 {main}
CRITICAL - 2022-02-28 04:23:00 --> Namespace declaration statement has to be the very first statement or after any declare call in the script
#0 [internal function]: CodeIgniter\Debug\Exceptions->shutdownHandler()
#1 {main}
CRITICAL - 2022-02-28 04:23:01 --> Namespace declaration statement has to be the very first statement or after any declare call in the script
#0 [internal function]: CodeIgniter\Debug\Exceptions->shutdownHandler()
#1 {main}
CRITICAL - 2022-02-28 04:23:01 --> Namespace declaration statement has to be the very first statement or after any declare call in the script
#0 [internal function]: CodeIgniter\Debug\Exceptions->shutdownHandler()
#1 {main}
CRITICAL - 2022-02-28 04:23:01 --> Namespace declaration statement has to be the very first statement or after any declare call in the script
#0 [internal function]: CodeIgniter\Debug\Exceptions->shutdownHandler()
#1 {main}
CRITICAL - 2022-02-28 04:23:01 --> Namespace declaration statement has to be the very first statement or after any declare call in the script
#0 [internal function]: CodeIgniter\Debug\Exceptions->shutdownHandler()
#1 {main}
CRITICAL - 2022-02-28 04:23:02 --> Namespace declaration statement has to be the very first statement or after any declare call in the script
#0 [internal function]: CodeIgniter\Debug\Exceptions->shutdownHandler()
#1 {main}
CRITICAL - 2022-02-28 04:23:02 --> Namespace declaration statement has to be the very first statement or after any declare call in the script
#0 [internal function]: CodeIgniter\Debug\Exceptions->shutdownHandler()
#1 {main}
CRITICAL - 2022-02-28 04:23:21 --> Namespace declaration statement has to be the very first statement or after any declare call in the script
#0 [internal function]: CodeIgniter\Debug\Exceptions->shutdownHandler()
#1 {main}
CRITICAL - 2022-02-28 04:29:04 --> Namespace declaration statement has to be the very first statement or after any declare call in the script
#0 [internal function]: CodeIgniter\Debug\Exceptions->shutdownHandler()
#1 {main}
